0 info it worked if it ends with ok
1 verbose cli [ '/opt/bitnami/nodejs/bin/.node.bin',
1 verbose cli   '/opt/bitnami/nodejs/bin/npm',
1 verbose cli   'stop' ]
2 info using npm@3.3.12
3 info using node@v5.1.1
4 verbose stack Error: missing script: stop
4 verbose stack     at run (/opt/bitnami/nodejs/lib/node_modules/npm/lib/run-script.js:147:19)
4 verbose stack     at /opt/bitnami/nodejs/lib/node_modules/npm/lib/run-script.js:57:5
4 verbose stack     at /opt/bitnami/nodejs/lib/node_modules/npm/node_modules/read-package-json/read-json.js:345:5
4 verbose stack     at checkBinReferences_ (/opt/bitnami/nodejs/lib/node_modules/npm/node_modules/read-package-json/read-json.js:309:45)
4 verbose stack     at final (/opt/bitnami/nodejs/lib/node_modules/npm/node_modules/read-package-json/read-json.js:343:3)
4 verbose stack     at then (/opt/bitnami/nodejs/lib/node_modules/npm/node_modules/read-package-json/read-json.js:113:5)
4 verbose stack     at ReadFileContext.<anonymous> (/opt/bitnami/nodejs/lib/node_modules/npm/node_modules/read-package-json/read-json.js:284:20)
4 verbose stack     at ReadFileContext.callback (/opt/bitnami/nodejs/lib/node_modules/npm/node_modules/graceful-fs/graceful-fs.js:76:16)
4 verbose stack     at FSReqWrap.readFileAfterOpen [as oncomplete] (fs.js:324:13)
5 verbose cwd /home/bitnami/comment/public/javascripts
6 error Linux 3.13.0-71-generic
7 error argv "/opt/bitnami/nodejs/bin/.node.bin" "/opt/bitnami/nodejs/bin/npm" "stop"
8 error node v5.1.1
9 error npm  v3.3.12
10 error missing script: stop
11 error If you need help, you may report this error at:
11 error     <https://github.com/npm/npm/issues>
12 verbose exit [ 1, true ]
